1532
188
000--0-10---
0-001-010---
0000----0-0-
0-001--1-1--
000--00---10
000--0-1-1--
000----10-0-
00-000-01--0
00--0-111--1
0010-1-0--10
0010-1--10-0
00--0011-1-1
00-100-11---
00--01--10-0
00--011-1-10
-0-1100-00--
00--110-11--
0011-1-10-1-
--0-0-10011-
--000-1011-1
0-0010-1--0-
01010-1-01--
0-0-10-11--1
0101--10011-
----11111111
01-1011-011-
-00-000--1--
1000----1--0
100-011-0110
-00--00-11--
-00--101-111
100-111-111-
-0-0-10-11--
-0101--10-0-
1--111111000
-10010-1---1
111100---10-
1111-0-0-10-
-0000--00-11
000-0-0---0-
000---0-0-0-
00-111-1110-
00--0-001--1
0-10-011-110
00---1110-11
00---1000-11
0-111100-00-
-100-00-0-10
--0-011-1111
-1001--10-0-
0101--10-0-1
0101--1-10-1
0101-010---1
0101--1---11
-1100--0-111
-111000--011
-111111-1110
1000--0-1---
1000---0-0-0
1000---0-11-
1-0101--10-0
1001--10-0-1
10010-10-10-
1001-01--10-
1-01-1-01001
1--000-000--
1-1001-010--
1-1001--10-0
101010-1--0-
1-101-010-10
10101--1---1
1-110-001001
101-10011--1
-011111--111
11000--0-1--
1100--110-11
1-00-0--11-1
--0010011---
1-00--000-1-
110-1110101-
11--0010-11-
110-100--01-
1--1100-00--
11100--110--
111--0-011-1
1110101-01--
11-0-0-10-11
1110-01--11-
11101-10-11-
11-0111-110-
111100--0---
111-0101--1-
11110-110---
11111-0-01--
1111100--0-0
1111100--11-
1111--10101-
111111-000-0
111111111--0
-000-1--110-
00-011--11-1
-01000-000--
00-011-0110-
0011-1-1-11-
-10-00110011
-1001--10--1
0-11111--111
--1111110-11
-0-00-111-11
-000-0-00-0-
-000--0000-1
1-0101-010--
1-0110-001--
100---10-111
1--00-000001
1--01111110-
101-1011--11
1-11101110-1
10-111101-10
11-00--0000-
1-000--00-1-
1-0-11111000
1-010-110000
110-01--11--
11-1110011--
11-1110-110-
11-11110-001
111-0-011--1
11-0-10-0-10
111-1110-001
111-0000-000
111-00-0-11-
111-0011-000
1111--0-001-
11111-1010-1
11111100----
1111-1110-0-
000-0--11---
0-100--0-111
-010-001001-
-0101-110--1
00-0110--11-
0-01-0111--1
-1-100110-11
-1-10-111111
-111-1110-11
1-00-011011-
100-111110-1
1-0100010-01
-001-0111--1
1--010011010
10-01-0111--
11-0000---10
1-00---1110-
1100-00-00--
110011---111
11--0-0-1111
110-00-10--1
110111-110-1
1--0010-11--
111-11-00000
1111-0111000
11111--00100
000---0-0--1
-00-011-110-
-0-0--111111
00-10-0--011
10-001-010--
1--001011-10
11----111111
11-0000-00--
11100-1-10--
11-0--1011-1
11-001-1-110
11--011111-0
11-011101-10
11-1-01001--
-000--00-11-
00-1010-1-0-
1-00--0-111-
111-00--0-1-
11-00--00-11
1--001--111-
110-00110-0-
1--010-11111
-0010-111--1
1111---01011
11-1-1-11111
