857
116
000--0-1---
00--000-1--
00--00-11--
0-100--0-0-
-0-011-0110
001--1-10-1
-011101-10-
00-1-1011--
00-111-111-
--001-010--
0101--10-0-
10010-1---1
1001--10-0-
10101--1--0
10-01--11--
11100---10-
11-00-00---
111-00-00--
11--0-001--
000----10-0
000---000--
-0-01-0111-
-010101-010
-0101-10011
00--001001-
00-1-10-11-
00-101--10-
0-0-10-11--
-1001--10-0
01010-1--0-
0101--1---1
01-10011--1
01-1-110-11
0-11110101-
-0000-00---
1-000--0-0-
100-0--0-11
-0010-11-00
1-10010-110
--1001-010-
10-01-01---
1--101-1111
10-110-001-
101-10011--
10111-110-1
1-11110-001
11--0101001
11-1100-00-
111-000-1--
1--01001-01
1111--110-0
111-0-0--01
11-1010-10-
11111-1--00
111111-0-00
11-1-10-111
0-011-11--1
00--0--110-
00---1000-1
-01100-011-
--001--111-
0101-010---
-11101110-1
---1-111111
1000--0-1--
100--110-11
-0-0-100111
1-11111--11
1100-0-1000
1-00-00000-
110010--11-
110010-1---
1100-10--11
1100--110-1
1-0-001-010
110101--1--
11--10-0-10
1-01--00110
1110011--0-
111--00-011
11-0-0110-1
1110--10-11
1110111-11-
1111-0--0-0
1111--0101-
1111101-1-1
11111-01-1-
11111110--1
000----111-
-0---111111
0-010011---
-10111-110-
-10-110111-
-000--0000-
-00-0-001--
11--0--1111
1-0-0-10011
11-00111-1-
111100--11-
111--11111-
00-00---111
0--1011-111
100--0-0-10
-00--00-11-
10011-1-1--
1--001-01-1
11000--0--0
1-00-0111-1
1-10101-010
-00-0-1110-
111--010-1-
11-001---11
-00---0-111
-00--0-111-
-000--00-11
1-1-1-11111
