540
79
000--0-1--
00--0--11-
0010-100--
0010-1--0-
0010-1---1
00--0-0-1-
00---10-0-
00---10--1
---0000000
0101-01---
0101--1--0
0111-110-1
1-0-011--1
-0-00-00--
1--1100000
10111011--
110111-11-
-00--0000-
0-1000-000
-01001-010
0-10-0-111
00-111-10-
-10010-110
-1001-010-
--0-111111
0-0-10011-
0-10000---
--100100--
---1-11111
1000--0-10
100-1-10-1
10-011-11-
10010-1---
-0-101-111
1001--10--
1----11111
101-10-110
-0-0-10011
11-000-1--
11000---0-
1100---1-1
11-101001-
11100--0-0
11-01--100
11-0-10-0-
11101-10-1
111111--00
11111-1-10
-00--00-11
0-1100-011
0-1101110-
0101--11--
01-10011--
10-001-010
1-00--0000
1001--1-1-
--01111100
-0101-010-
110-0-1-11
1-00-000--
-1010110-0
11--100100
11-0-0-1-1
1111-000--
11-100100-
111101-1--
111-1010-1
--001-0111
1-1-10011-
1-0--00000
11-1110-11
111-00--10
-1110-1100
111-110-0-
--101001--
-00---1111
1-00--0011
111-01-11-
111---1111
