4928
518
0-000--00-0---
000---0-0-0-1-
0000---00-0-0-
0000---00--1--
00--00--000-1-
000--100-11--0
000-0-0---0-1-
000-0-0-11--0-
000--00-0010--
000--00--010-0
000--0-10----1
00-001-1010--1
00-0011001-1--
00-0-000-01--0
-0-0-0-1-00-10
0-10101-010---
0010-1-00-10--
00--00001--1--
00--0010-1--0-
00--0011-1-11-
00--0-0010-1--
00--0-0-10-10-
00--0-1-111-11
00-10--110-0-1
00-101-1101--1
-01110101-01--
001-11011-0110
0-111110-0-10-
-011111-01001-
00--1111-1111-
---000-000-1--
--00--0-1110-1
--00-001001-1-
0-0010-10-1--0
--010111101-11
0-0-10011-0110
0-0-10-1111111
0101-01--10-0-
01011-1-10-10-
--1000---0-0-0
--100--01111-1
--1000-1011-1-
--100100100-01
--110-011011--
0111011--11--0
--11110-0-10-1
--11110111011-
1-000-0-0-1---
10001-0-10----
10010-1001----
100-011--110--
100---10-110-1
1-0111000-000-
1001--1-10-10-
1--0000-0000--
1--00--000-1--
10-001-01--1-1
10101--10011--
101011-1-10-1-
-011110-111000
1--11111101-10
110000-0--0--1
110000-----10-
11000--0-10---
11000----10-0-
11--0010-1--0-
11--01010-1--0
1-0101-010---1
111--00010001-
11101010-1-0--
111-001-01--10
11110101--1--0
11111100---10-
11111---0-0-10
0000-0-00---0-
00-011-0110---
000----10-11-1
0-010-1-110-0-
00010--1--0-0-
000---0-0--11-
0001-0-10---0-
0001-0-110--10
0001-0-1111---
0001---10-0-0-
0001---1--0111
000----1-10-0-
000-1-0-11--1-
0001---10--10-
00-00-0-10----
00100--0-01---
00-00---1--000
-0-01-01111-11
00-0-011--110-
0010110-1-0111
001-110--11--1
0010-1--0-10-0
-0-10001-0010-
00--000-1--10-
0--1001--10-0-
0011-1-10-10-1
001-01-1-0111-
-011100-011--1
0-111000-000--
-0-11001001---
-0111100-011--
0-11111-00-000
0-11111001-010
0-1111110-0-10
0-111111110-0-
--000-0-11--11
-10-001--10-0-
-1000---0-0-0-
--001--1000-11
-10101-0111--1
010-0-1-010-0-
0101--10-0-110
01010110--11--
01010-1--10--1
0101-010---110
0-01-10011-011
-11000-000----
0-10-0010-1--0
0-10-011011--1
0-1-001-10011-
--100011-01-10
0-100-00-0010-
0-101010-1--0-
--10101--10-11
0-1100--0-1110
0-11-000-0000-
01-10011-0110-
0-1101011-1-10
0111011-011---
0-111000-00-1-
-111101-10011-
-111111100-00-
1-000-0011----
-0-01011-1-10-
--001101-1--10
10001-0-1-1---
1-0--000000000
-00--00-111-1-
100-001-001---
100-00-1-0--10
1-0-010-1000-1
10010-1--0-10-
100--0-0-10-1-
-00--000-1--1-
100--0--110--1
1---110101-010
1-01-110101001
1-01111101-10-
1001-11-111--1
10-0010-1--0-1
1--00--0-1110-
1-1001--10-0-1
1--0-0011-1-10
-0-0101011---1
10101--10-11-1
10-100--0-0-10
1-11000--00-11
1--1001011---1
-01101010-1--0
1-1110010-1---
101-10011-011-
10111011--11--
1--111100--110
1--11110-0-111
1-000--0-111--
1100-0--0-0-10
1-00-0001--1-1
1-00-0--000011
11-0-01-0111--
1-001-1110101-
-1001011-011--
1100-1010-1---
1-0-1110-0-111
1100-1110000-0
11--001001----
1-0-0100-011--
11-1010-10-11-
11-10111-110-1
110101--10-0-1
110101--10011-
110101-11011--
1-0110001-0010
1--1-0101101-1
110-11000-0011
1101-10110-11-
110--10-110-11
11--110111011-
11---110111011
11-111110-001-
11-111111-111-
1110001--01---
11-0-100-100-1
111-0-100--0-0
11-00--0-10011
11100--01--10-
111-01-1-01001
111---00000000
111-1001--10-0
11--10101-0111
1110101--10-0-
1110-011-11--1
1110-10-000000
11--11100--110
111-11101-10-1
11-011111110-0
111-00000---1-
1111-000--00--
111-000--00--0
1111--001-010-
111101-10-110-
11110-11110101
11111-0-110-0-
11111-10-0-10-
11111-00-00---
11111--00-00--
1111111-0101--
1111111-0-10-0
0000-1-0-1-1--
0-000---0-0-0-
00-0-1000-1---
0000-----10--1
0-0011-1-10-1-
--0-0-10011--1
-00-01-010---1
00010--11-11--
000--0-1-00-10
00---101001-11
-00-1-01011010
00-00---10--10
-01001--10--11
00-0-1--110-0-
-0-0-001--1110
0-11001-010---
00--0--110-111
00-10--11-10-1
00-110111011--
001-11-111--11
--0-0-1--11111
-100-100011---
-100-10--110-0
0-00--01-01111
01010-1-0--1-1
-10-100110011-
01011-10-0-11-
0101--10-1111-
0-0-1011-011--
-1101-10011--1
-11-11101110-1
--110--1111111
01-1011--1110-
0111-110-1110-
0-11111111-0-1
1-000-0-00----
10000----0-0-0
10-001-11011--
10001---10-0--
10001---1-10--
100-000-01--0-
1-010000-0-011
100--00011----
1001-01-110-0-
100-01--10--11
-00-1001--1-10
-0-1110-0-1111
1-01-1-1100111
100--110-111--
1001--10-0-11-
1--00010001---
1-10011-1-1--1
10-01001-00-1-
--101010-1--11
10-01--1000-11
10-0-10-110-11
---1001-0111--
-0-1-01110-111
-0--0-0-111111
1-11100--11-11
-01111110-001-
--111111111000
1-000001-0-0--
11-000--00-0--
11-000---0-111
11-00-00-0-10-
110-100--001--
1-00--10011--1
11-01100-1-1-1
11-0-100--1111
1-00-100-111--
1100---1-111-1
1100--110-11--
-100-111-1110-
11-1000--00-0-
1--10-011-1111
110-0---110-11
11--001-010---
110-01001-00-1
110-010-111--1
11-1-111101-11
11--000--0010-
11100-01-10110
11-00-0-01-010
11-0-001-010--
11-01111000000
111100---10-0-
111100---10--1
-1110-1100111-
111-011110-0-0
1111100---10-1
1111-01000--00
1111-0-001-010
1111111--00-01
-00010-011--0-
-000-0---11-11
-000---00000-1
000-0--00-11--
-00-011001-111
000----10-0-11
000----1-10--1
00--110-111--1
00-00---110-0-
00-000--1---10
0010111---1111
001011--111--0
00-100-111---1
0-11-01-10011-
0-0-0011--110-
-10010-1--0-10
0-0010-1-0-11-
-1001--1110-1-
0101001---010-
01010-1-0--10-
0-0--1110111--
0101--1-11110-
--10101-11-1-1
1-000--10-0--1
-000--0000---1
1000-0--011---
100---1010-1-1
100-011-1-1--1
-00101-1-11110
100-100-11--0-
1-011110010-1-
1-100-10-011--
1-1001--10-11-
10-01-0111--11
-0101101-11-1-
1-10-1-0111111
-011000--0-111
-0-1001101-1--
1--1-0111111-1
-01-11110-111-
11000---0-0---
1100-00--0--11
1100--0-001--1
110-111-01001-
1-0-0-011111-1
11---10011-111
11-00-00---111
11-00--00-11--
11100-111-11--
111-1111-1-111
111-0001--10-1
111100-11-110-
111100--0-0-1-
1111-011101-10
111-0-01010-10
1111-11110-001
1111-00001---1
1111101011-1--
111110-1-00-00
1111-01-1-110-
111111--10101-
11111-0111111-
111111-0-0-1--
11111111-0-01-
111111111-0-0-
00-000-01----1
00--001-11--11
00-00--01---01
0010--01001-1-
0010-1--0-1-10
00-011--11-10-
0011-100--11--
0-11111100-00-
0101--1-0-1110
0-0-1011--1110
--11111111-111
--0-001-010-0-
1000---110-0--
1000-0-1-0--1-
-001-11101110-
1-011000-0011-
100---10-1111-
10--11111-0111
-0-00--010-1-1
10-11111-1110-
11-001--11110-
1-00----011111
1100-000-01---
1-0-00-100011-
-10-0011-1-10-
11100000----10
111000----10-0
11-0000-0--0--
111-0101-01---
111-100-100011
-110101-010---
111-111-110011
11110-010-1--1
11111000--0---
11111-1101-10-
111-1011110000
111111-0--1-11
11111111111--0
-000-0-00-10-1
000-00-11--000
00-111-100111-
0010-1-0-11--1
0--1011--11111
001--10-0-110-
-1000--10-11-1
--0001--01111-
0-00-10--11-10
0-001101-1--1-
0101--1110-111
0--100111-1111
-111111001111-
-0000-01-0---1
-00010-1110---
1000---00-10-1
1000----10-11-
-00-00010---11
-00--00111-0-1
--010011-10--1
-00-0-11-0-111
100--0010-1-00
1--00--0-111-1
-010101101-1--
-010-10110011-
10-0--111-1110
-0-10101-0111-
1100000-----0-
1-0-0-10-11--1
110-0101-11110
-10-11110-1111
1--0010-1-0111
11-0010-111--1
111--01-11110-
11101-1-11-111
11110-0--011--
1111-0-0000---
1111100---1110
1111100-1-1-10
1111-00--00--1
1111110--10-11
00-0-10--110-0
00-00---111-1-
00--00--11-1-1
00-0-01101-1--
001-0000-000-1
00---10-11110-
-10011-1-1-11-
0101-01-1-01-1
-00--001001---
-0-10-011011--
100-10--11-10-
1-00--01-10011
11-111011--111
111000----111-
111-000-0-1--1
111101-1-11-11
111110--10-110
1-1111-10-1111
-0-0010-1--001
--000011--11-1
--0001-00111--
10000-1--0--1-
10--1001-0111-
10-01-111--111
1-1000---0--10
11-00-1-0-1111
111-00-0-0-10-
11--01011111-1
111-1-1011-011
111111--0010-1
-0000-0--11--1
0--01011010-10
-010-0-10-110-
01-1-11-111111
111-00-0-111-1
111-00--0-111-
111--01-01-111
11111--110-111
000--00---1010
0--000-0000---
00-0001---11-1
10000----11--1
1-01-11-10-111
1110-0-10-11--
1--01001--111-
-001-111-111-1
0-0--111-1110-
100-00-10--1--
-000-00--010-0
1-00-00--011-1
--010110-11--1
1--0-0-100110-
-0-100-110-111
--001-01011-10
00--110--11100
--00-1-101111-
00---10--11111
-000---000-111
-0--0--1111111
