2967
331
000--0-10----
0001-0-1-1---
00-0001-000-0
00-0011-01-10
--1001-01-1--
00-0--000-1--
0-10101001---
0010-1-00-10-
0-110010-1--0
---00111111-1
0-001-01-010-
0101101-1--1-
01011-1-10-1-
--1001001----
--1001--10-0-
--1001--10--1
---0111111-11
--110000-0000
--11001101-1-
0111011-011--
0111-110-111-
10000----0-0-
1000--0-10---
1000---0--1--
1000----10-0-
-00--001001--
100--010-1--0
1-01110-0-10-
100-1-1-11--1
10011-1-10-1-
1--0-001001--
101011-1-110-
1--1000-000--
1--1100-10--1
10111011-011-
1-00--00-11--
-1001--10-0-1
1-0101-010---
1-0-0-110101-
1-01-0111100-
11-00001--010
1110101--1--0
111--11110-0-
111111-0-0-1-
1111111-0-0-0
0000----0-0-0
-000-0-00---0
000---000-1--
000101--10---
0001---1-10--
00-000-01--0-
00--000-1--10
00-000-01---1
00--0011-1-10
0010-11-0-111
00-011--110--
-0101111-1-11
00-100-11--0-
00--0-0110---
0-1110-001001
00--1-0-1110-
0011-1-10-10-
0-11110101001
-0111111-0-00
--000--00-11-
-100--0-0-1-1
-100--0-0-10-
-1000-1-0--10
0-001--10-11-
0101--1000-11
0-010-111--11
-101-10-11111
010-0-1-00-10
0-0-10-110-11
0-0-1--111111
0101--100-111
-1100--0-1110
0-10-0-111111
0-1000-100--1
-1101-10-110-
-111000--0110
-11100-011--1
0-110-0-10011
-11101-10-110
---1110-11111
1000-0-0-----
-000--0011---
1000--0-1-1--
100--0-011--0
100--0-111--1
10010-1-0--10
1-0-1000-000-
10-111110-001
10-1111101-10
1--00-000001-
10-001-010---
10101--1-10-1
10101--10-0-1
10101-010---1
1-1100--00111
1--10-011-110
--110111011--
1--1-00000011
1-11100--110-
1-1110-01-011
1-1110101001-
10-11100-011-
1-1111-01-111
110000----010
11000---0-0-0
11-0101001---
--0010-11-011
1100-011--110
1100-111-11--
110-0-10-11--
1101010-1--0-
11-1011110-0-
11-1100--0-0-
1101-10-110-1
110-111001001
1110001--01--
1-1000--00-0-
111000---0--1
111001--101--
1--0010-11-00
11-0-00-10--1
1110-001-010-
1110-0101-010
1110-011-11--
111-1100--0-0
1110--100111-
111100-1-10-1
1111--1110101
111--10101001
1111100-0-1--
11111-00-0---
1111-0-110000
11-1110-0-10-
1-111111-0-00
0000---0-10-0
000---110-0--
000-0-11--0-1
-00010-1-01-1
000-001--0010
00--0-1-111-1
000---000---1
0001--0--1--1
0001---10-0--
0001---10--1-
-010000-000-1
00--0--110-11
00100---0010-
001--1111--11
0010---0-110-
-01010-1000-1
00-0110--11--
001-11-1-11-1
-0110-001-010
0011-1-11--11
00-1011-1-10-
0011-11110-0-
-011100--110-
00--11-1110-1
--001--1110-1
0-01-011-011-
0-01-111-111-
-11100-110110
1000---000---
100-00-001---
-00-00010---0
100--001-010-
100---1110-11
1001011-01---
100---1000-11
1--1111110101
10101--1---11
1--100--11111
1-111111-000-
11-00--0-10-1
110001011-01-
11000----10-0
11-1-101001--
110101--1---1
11--110-001--
11--11000-000
11-000--011--
1110-0-10-110
1-101011010-1
111-1101-10-1
1--0111011--1
111--00000-00
1-110-001-010
1111001-0-0-1
111-01100-00-
11-101101-111
1111-00-00-1-
1111--1000000
111110-0-10-1
11111-1101-10
111110111-11-
11111100--1--
111111--0-001
111111-11111-
1111111-11-00
11111111-10--
00000-1-00-1-
-000-0-011---
00--0-011-1--
-0-000--0000-
0-10-0-10011-
001--10-0-110
-010-1-110-11
00--0-0-1-11-
-0111001101-1
-0-1110-0-111
-10-011111-11
--001-0111--1
0101--1-11110
0-1000-0011--
0--000100-111
01110111-11--
0111111-1110-
100-011--110-
100-10--110--
1000-0--1--0-
1-01100--0-11
100--0-0010-1
1-0-11001001-
1--1001--1110
1-1110--10011
10-11111111-0
11-000-0-001-
110001--01---
1--001-110--1
1-00--0-1110-
11001011-1-1-
1100---10-111
11-1001--10-0
110-010011---
11-1--1-11111
11-1111110-11
111-0101-010-
1-10010-1---1
11100--0-0-1-
111-0111-110-
111-1-10-1111
11-01100-00--
11-0-1100-011
1--011-1110-1
111-00--011-1
111-000--001-
1111----11111
111--01011010
111-1110-110-
111111-01-10-
00000-0---10-
000-1-0-0---1
-000---00-110
0010-1--111--
0-11000--0110
001100--11--1
-1--0-1111111
01-10-110011-
10-0-10-11--1
100--11-1110-
1-0-01--1110-
-0-11-0001101
100-100-11---
-01101-10011-
110-001-010--
1-000--0000--
11-111-0111-1
111-0-0101001
-1110010-1--0
11111--00--11
00--0-0-10-1-
00-1-10-0-11-
00---10-1111-
-00000--0-0-0
-0010-11010--
100--01--111-
1001--1--1110
-010-1-11110-
10--1001111-1
11-000--000-1
1100--0-001--
110-011-11--1
11-001000-0-0
---010-100111
111-0-0110-11
-0-001-010-0-
00-0-11--1110
--11111111100
-00-00-101-1-
1-00000----10
-00-0-11--111
1100-00--00-0
110--10-10011
110111-1--111
11111--0--111
1--111-10-111
-0-0-1--11111
-1-111--11111
-0-1110-011-1
1--10011-111-
11-00-0--0111
-00-0-0011100
00--0101-01-1
100--1-010-11
-00--0000--11
1-1-10-111111
1-00100--01--
11---110-1111
11-0-000-0000
1111-1-10-111
00-00--0111--
-0-1-1110-111
11-00--00--11
-11-010-10011
00000-----111
-00--0-1111-1
01-10-1-01110
-00000-10-10-
--00110-0-111
1-0-0--111110
--0111110-111
1-0--11001111
-0-001--10-11
----111111111
11--0--111111
1--0010-10--1
